Arguments: 
  /home/gamboa/.nvm/versions/node/v18.12.1/bin/node /home/gamboa/.yarn/bin/yarn.js init

PATH: 
  /home/gamboa/.rbenv/shims:/home/gamboa/.rbenv/bin:/home/gamboa/.yarn/bin:/home/gamboa/.config/yarn/global/node_modules/.bin:/home/gamboa/.rbenv/shims:/home/gamboa/.rbenv/bin:/home/gamboa/.yarn/bin:/home/gamboa/.config/yarn/global/node_modules/.bin:/home/gamboa/.nvm/versions/node/v18.12.1/bin:/usr/local/sbin:/usr/local/bin:/usr/sbin:/usr/bin:/sbin:/bin:/usr/games:/usr/local/games:/snap/bin:/home/gamboa/.rvm/bin

Yarn version: 
  1.22.18

Node version: 
  18.12.1

Platform: 
  linux x64

Trace: 
  Error: canceled
      at Interface.<anonymous> (/home/gamboa/.yarn/lib/cli.js:137143:13)
      at Interface.emit (node:events:513:28)
      at [_ttyWrite] [as _ttyWrite] (node:internal/readline/interface:1124:18)
      at ReadStream.onkeypress (node:internal/readline/interface:273:20)
      at ReadStream.emit (node:events:513:28)
      at emitKeys (node:internal/readline/utils:357:14)
      at emitKeys.next (<anonymous>)
      at ReadStream.onData (node:internal/readline/emitKeypressEvents:64:36)
      at ReadStream.emit (node:events:513:28)
      at addChunk (node:internal/streams/readable:324:12)

npm manifest: 
  No manifest

yarn manifest: 
  No manifest

Lockfile: 
  No lockfile
